<?xml version="1.0" encoding="UTF-8"?>
<!-- Generated by org.testng.reporters.JUnitXMLReporter -->
<testsuite ignored="1" hostname="SushmithaLENOVO" failures="0" tests="2" name="Default test(failed)" time="21.818" errors="0" timestamp="2024-02-12T14:31:55 IST">
  <testcase classname="testng.DependencynMethods" name="register" time="13.47"/>
  <testcase classname="testng.DependencynMethods" name="login" time="8.265"/>
  <testcase classname="testng.DependencynMethods" name="oneplus" time="0.0">
    <ignored/>
  </testcase> <!-- oneplus -->
</testsuite> <!-- Default test(failed) -->
