<?xml version="1.0" encoding="UTF-8"?>
<testng-results ignored="0" total="2" passed="2" failed="0" skipped="0">
  <reporter-output>
  </reporter-output>
  <suite started-at="2024-02-22T20:29:18 IST" name="Suite" finished-at="2024-02-22T20:29:41 IST" duration-ms="23513">
    <groups>
    </groups>
    <test started-at="2024-02-22T20:29:18 IST" name="Test" finished-at="2024-02-22T20:29:41 IST" duration-ms="23513">
      <class name="testng.LoginBase">
        <test-method is-config="true" signature="browsersetUp()[pri:0, instance:testng.LoginBase@2af004b]" started-at="2024-02-22T20:29:32 IST" name="browsersetUp" finished-at="2024-02-22T20:29:38 IST" duration-ms="6134" status="PASS">
          <reporter-output>
          </reporter-output>
        </test-method> <!-- browsersetUp -->
        <test-method signature="login()[pri:0, instance:testng.LoginBase@2af004b]" started-at="2024-02-22T20:29:38 IST" name="login" finished-at="2024-02-22T20:29:41 IST" duration-ms="2533" status="PASS">
          <reporter-output>
          </reporter-output>
        </test-method> <!-- login -->
        <test-method is-config="true" signature="browserTeardown()[pri:0, instance:testng.LoginBase@2af004b]" started-at="2024-02-22T20:29:41 IST" name="browserTeardown" finished-at="2024-02-22T20:29:41 IST" duration-ms="326" status="PASS">
          <reporter-output>
          </reporter-output>
        </test-method> <!-- browserTeardown -->
      </class> <!-- testng.LoginBase -->
      <class name="testng.RegisterBase">
        <test-method is-config="true" signature="browsersetUp()[pri:0, instance:testng.RegisterBase@229c6181]" started-at="2024-02-22T20:29:18 IST" name="browsersetUp" finished-at="2024-02-22T20:29:29 IST" duration-ms="11637" status="PASS">
          <reporter-output>
          </reporter-output>
        </test-method> <!-- browsersetUp -->
        <test-method signature="register()[pri:0, instance:testng.RegisterBase@229c6181]" started-at="2024-02-22T20:29:29 IST" name="register" finished-at="2024-02-22T20:29:32 IST" duration-ms="2487" status="PASS">
          <reporter-output>
          </reporter-output>
        </test-method> <!-- register -->
        <test-method is-config="true" signature="browserTeardown()[pri:0, instance:testng.RegisterBase@229c6181]" started-at="2024-02-22T20:29:32 IST" name="browserTeardown" finished-at="2024-02-22T20:29:32 IST" duration-ms="284" status="PASS">
          <reporter-output>
          </reporter-output>
        </test-method> <!-- browserTeardown -->
      </class> <!-- testng.RegisterBase -->
    </test> <!-- Test -->
  </suite> <!-- Suite -->
</testng-results>
